<?xml version="1.0" encoding="UTF-8"?>
<!-- Generated by org.testng.reporters.JUnitXMLReporter -->
<testsuite ignored="1" hostname="syam-PC" failures="0" tests="1" name="Default test(failed)" time="27.341" errors="0" timestamp="2022-01-24T16:47:30 IST">
  <testcase classname="TestNGScripts.GooglePageTest" name="SearchJavaTest" time="9.241"/>
  <testcase classname="TestNGScripts.GooglePageTest" name="PageSearchTest" time="0.0">
    <ignored/>
  </testcase> <!-- PageSearchTest -->
</testsuite> <!-- Default test(failed) -->
