<?xml version="1.0" encoding="UTF-8"?>
<!-- Generated by org.testng.reporters.JUnitXMLReporter -->
<testsuite ignored="2" hostname="syam-PC" failures="1" tests="1" name="Test" time="0.085" errors="0" timestamp="2022-01-31T20:21:59 IST">
  <testcase classname="TestNGScripts.GooglePageTest" name="PageSearchTest" time="0.015">
    <failure type="java.lang.NullPointerException" message="Cannot invoke &amp;quot;org.openqa.selenium.WebDriver.get(String)&amp;quot; because &amp;quot;this.driver&amp;quot; is null">
      <![CDATA[java.lang.NullPointerException: Cannot invoke "org.openqa.selenium.WebDriver.get(String)" because "this.driver" is null
at TestNGScripts.GooglePageTest.PageSearchTest(GooglePageTest.java:31)
at java.base/java.util.ArrayList.forEach(ArrayList.java:1511)
... Removed 27 stack frames]]>
    </failure>
  </testcase> <!-- PageSearchTest -->
  <testcase classname="TestNGScripts.GooglePageTest" name="SearchUltiTest" time="0.0">
    <ignored/>
  </testcase> <!-- SearchUltiTest -->
  <testcase classname="TestNGScripts.GooglePageTest" name="SearchJavaTest" time="0.0">
    <ignored/>
  </testcase> <!-- SearchJavaTest -->
</testsuite> <!-- Test -->
